1762350248.556202 client started (30497): version 3.5a, socket /tmp/tmux-1000/default, protocol 8
1762350248.556235 on Linux 6.17.6-arch1-1 #1 SMP PREEMPT_DYNAMIC Wed, 29 Oct 2025 22:23:47 +0000
1762350248.556239 using libevent 2.1.12-stable poll
1762350248.556242 using ncurses 6.5 20240427
1762350248.556260 flags are 0x10010000
1762350248.556272 socket is /tmp/tmux-1000/default
1762350248.556285 trying connect
1762350248.556370 add peer 0x55cdd6480240: 6 ((nil))
1762350248.556735 sending message 111 to peer 0x55cdd6480240 (8 bytes)
1762350248.556741 sending message 111 to peer 0x55cdd6480240 (8 bytes)
1762350248.556745 sending message 101 to peer 0x55cdd6480240 (14 bytes)
1762350248.556748 sending message 109 to peer 0x55cdd6480240 (4 bytes)
1762350248.556751 sending message 102 to peer 0x55cdd6480240 (11 bytes)
1762350248.556754 sending message 108 to peer 0x55cdd6480240 (23 bytes)
1762350248.556758 sending message 112 to peer 0x55cdd6480240 (70 bytes)
1762350248.556761 sending message 112 to peer 0x55cdd6480240 (5 bytes)
1762350248.556764 sending message 112 to peer 0x55cdd6480240 (5 bytes)
1762350248.556767 sending message 112 to peer 0x55cdd6480240 (6 bytes)
1762350248.556770 sending message 112 to peer 0x55cdd6480240 (6 bytes)
1762350248.556774 sending message 112 to peer 0x55cdd6480240 (11 bytes)
1762350248.556777 sending message 112 to peer 0x55cdd6480240 (10 bytes)
1762350248.556780 sending message 112 to peer 0x55cdd6480240 (13 bytes)
1762350248.556783 sending message 112 to peer 0x55cdd6480240 (13 bytes)
1762350248.556786 sending message 112 to peer 0x55cdd6480240 (18 bytes)
1762350248.556790 sending message 112 to peer 0x55cdd6480240 (11 bytes)
1762350248.556793 sending message 112 to peer 0x55cdd6480240 (10 bytes)
1762350248.556796 sending message 112 to peer 0x55cdd6480240 (15 bytes)
1762350248.556799 sending message 112 to peer 0x55cdd6480240 (21 bytes)
1762350248.556802 sending message 112 to peer 0x55cdd6480240 (13 bytes)
1762350248.556805 sending message 112 to peer 0x55cdd6480240 (7 bytes)
1762350248.556809 sending message 112 to peer 0x55cdd6480240 (13 bytes)
1762350248.556812 sending message 112 to peer 0x55cdd6480240 (7 bytes)
1762350248.556815 sending message 112 to peer 0x55cdd6480240 (13 bytes)
1762350248.556818 sending message 112 to peer 0x55cdd6480240 (9 bytes)
1762350248.556821 sending message 112 to peer 0x55cdd6480240 (21 bytes)
1762350248.556824 sending message 112 to peer 0x55cdd6480240 (13 bytes)
1762350248.556828 sending message 112 to peer 0x55cdd6480240 (8 bytes)
1762350248.556831 sending message 112 to peer 0x55cdd6480240 (12 bytes)
1762350248.556834 sending message 112 to peer 0x55cdd6480240 (13 bytes)
1762350248.556837 sending message 112 to peer 0x55cdd6480240 (9 bytes)
1762350248.556840 sending message 112 to peer 0x55cdd6480240 (9 bytes)
1762350248.556843 sending message 112 to peer 0x55cdd6480240 (12 bytes)
1762350248.556846 sending message 112 to peer 0x55cdd6480240 (8 bytes)
1762350248.556849 sending message 112 to peer 0x55cdd6480240 (8 bytes)
1762350248.556852 sending message 112 to peer 0x55cdd6480240 (7 bytes)
1762350248.556856 sending message 112 to peer 0x55cdd6480240 (7 bytes)
1762350248.556859 sending message 112 to peer 0x55cdd6480240 (9 bytes)
1762350248.556862 sending message 112 to peer 0x55cdd6480240 (13 bytes)
1762350248.556865 sending message 112 to peer 0x55cdd6480240 (6 bytes)
1762350248.556868 sending message 112 to peer 0x55cdd6480240 (9 bytes)
1762350248.556871 sending message 112 to peer 0x55cdd6480240 (15 bytes)
1762350248.556874 sending message 112 to peer 0x55cdd6480240 (13 bytes)
1762350248.556877 sending message 112 to peer 0x55cdd6480240 (12 bytes)
1762350248.556881 sending message 112 to peer 0x55cdd6480240 (8 bytes)
1762350248.556895 sending message 112 to peer 0x55cdd6480240 (14 bytes)
1762350248.556898 sending message 112 to peer 0x55cdd6480240 (11 bytes)
1762350248.556901 sending message 112 to peer 0x55cdd6480240 (9 bytes)
1762350248.556904 sending message 112 to peer 0x55cdd6480240 (10 bytes)
1762350248.556907 sending message 112 to peer 0x55cdd6480240 (10 bytes)
1762350248.556919 sending message 112 to peer 0x55cdd6480240 (10 bytes)
1762350248.556923 sending message 112 to peer 0x55cdd6480240 (10 bytes)
1762350248.556926 sending message 112 to peer 0x55cdd6480240 (11 bytes)
1762350248.556929 sending message 112 to peer 0x55cdd6480240 (12 bytes)
1762350248.556932 sending message 112 to peer 0x55cdd6480240 (12 bytes)
1762350248.556935 sending message 112 to peer 0x55cdd6480240 (12 bytes)
1762350248.556938 sending message 112 to peer 0x55cdd6480240 (12 bytes)
1762350248.556942 sending message 112 to peer 0x55cdd6480240 (12 bytes)
1762350248.556945 sending message 112 to peer 0x55cdd6480240 (11 bytes)
1762350248.556948 sending message 112 to peer 0x55cdd6480240 (11 bytes)
1762350248.556951 sending message 112 to peer 0x55cdd6480240 (12 bytes)
1762350248.556954 sending message 112 to peer 0x55cdd6480240 (12 bytes)
1762350248.556957 sending message 112 to peer 0x55cdd6480240 (12 bytes)
1762350248.556960 sending message 112 to peer 0x55cdd6480240 (12 bytes)
1762350248.556964 sending message 112 to peer 0x55cdd6480240 (12 bytes)
1762350248.556967 sending message 112 to peer 0x55cdd6480240 (10 bytes)
1762350248.556970 sending message 112 to peer 0x55cdd6480240 (12 bytes)
1762350248.556973 sending message 112 to peer 0x55cdd6480240 (13 bytes)
1762350248.556976 sending message 112 to peer 0x55cdd6480240 (13 bytes)
1762350248.556979 sending message 112 to peer 0x55cdd6480240 (13 bytes)
1762350248.556982 sending message 112 to peer 0x55cdd6480240 (13 bytes)
1762350248.556986 sending message 112 to peer 0x55cdd6480240 (13 bytes)
1762350248.556989 sending message 112 to peer 0x55cdd6480240 (8 bytes)
1762350248.556992 sending message 112 to peer 0x55cdd6480240 (11 bytes)
1762350248.556995 sending message 112 to peer 0x55cdd6480240 (11 bytes)
1762350248.556998 sending message 112 to peer 0x55cdd6480240 (11 bytes)
1762350248.557001 sending message 112 to peer 0x55cdd6480240 (12 bytes)
1762350248.557004 sending message 112 to peer 0x55cdd6480240 (12 bytes)
1762350248.557008 sending message 112 to peer 0x55cdd6480240 (12 bytes)
1762350248.557011 sending message 112 to peer 0x55cdd6480240 (12 bytes)
1762350248.557014 sending message 112 to peer 0x55cdd6480240 (13 bytes)
1762350248.557017 sending message 112 to peer 0x55cdd6480240 (13 bytes)
1762350248.557020 sending message 112 to peer 0x55cdd6480240 (13 bytes)
1762350248.557023 sending message 112 to peer 0x55cdd6480240 (8 bytes)
1762350248.557026 sending message 112 to peer 0x55cdd6480240 (13 bytes)
1762350248.557030 sending message 112 to peer 0x55cdd6480240 (13 bytes)
1762350248.557033 sending message 112 to peer 0x55cdd6480240 (13 bytes)
1762350248.557036 sending message 112 to peer 0x55cdd6480240 (13 bytes)
1762350248.557039 sending message 112 to peer 0x55cdd6480240 (13 bytes)
1762350248.557042 sending message 112 to peer 0x55cdd6480240 (12 bytes)
1762350248.557045 sending message 112 to peer 0x55cdd6480240 (12 bytes)
1762350248.557048 sending message 112 to peer 0x55cdd6480240 (12 bytes)
1762350248.557052 sending message 112 to peer 0x55cdd6480240 (12 bytes)
1762350248.557055 sending message 112 to peer 0x55cdd6480240 (13 bytes)
1762350248.557058 sending message 112 to peer 0x55cdd6480240 (8 bytes)
1762350248.557061 sending message 112 to peer 0x55cdd6480240 (13 bytes)
1762350248.557064 sending message 112 to peer 0x55cdd6480240 (13 bytes)
1762350248.557067 sending message 112 to peer 0x55cdd6480240 (13 bytes)
1762350248.557071 sending message 112 to peer 0x55cdd6480240 (13 bytes)
1762350248.557074 sending message 112 to peer 0x55cdd6480240 (13 bytes)
1762350248.557077 sending message 112 to peer 0x55cdd6480240 (13 bytes)
1762350248.557080 sending message 112 to peer 0x55cdd6480240 (13 bytes)
1762350248.557083 sending message 112 to peer 0x55cdd6480240 (12 bytes)
1762350248.557086 sending message 112 to peer 0x55cdd6480240 (12 bytes)
1762350248.557089 sending message 112 to peer 0x55cdd6480240 (12 bytes)
1762350248.557092 sending message 112 to peer 0x55cdd6480240 (8 bytes)
1762350248.557096 sending message 112 to peer 0x55cdd6480240 (12 bytes)
1762350248.557103 sending message 112 to peer 0x55cdd6480240 (13 bytes)
1762350248.557107 sending message 112 to peer 0x55cdd6480240 (13 bytes)
1762350248.557110 sending message 112 to peer 0x55cdd6480240 (13 bytes)
1762350248.557113 sending message 112 to peer 0x55cdd6480240 (13 bytes)
1762350248.557116 sending message 112 to peer 0x55cdd6480240 (13 bytes)
1762350248.557119 sending message 112 to peer 0x55cdd6480240 (13 bytes)
1762350248.557122 sending message 112 to peer 0x55cdd6480240 (13 bytes)
1762350248.557125 sending message 112 to peer 0x55cdd6480240 (13 bytes)
1762350248.557128 sending message 112 to peer 0x55cdd6480240 (12 bytes)
1762350248.557132 sending message 112 to peer 0x55cdd6480240 (10 bytes)
1762350248.557135 sending message 112 to peer 0x55cdd6480240 (12 bytes)
1762350248.557138 sending message 112 to peer 0x55cdd6480240 (12 bytes)
1762350248.557141 sending message 112 to peer 0x55cdd6480240 (12 bytes)
1762350248.557144 sending message 112 to peer 0x55cdd6480240 (13 bytes)
1762350248.557147 sending message 112 to peer 0x55cdd6480240 (13 bytes)
1762350248.557150 sending message 112 to peer 0x55cdd6480240 (13 bytes)
1762350248.557153 sending message 112 to peer 0x55cdd6480240 (13 bytes)
1762350248.557156 sending message 112 to peer 0x55cdd6480240 (13 bytes)
1762350248.557160 sending message 112 to peer 0x55cdd6480240 (13 bytes)
1762350248.557163 sending message 112 to peer 0x55cdd6480240 (13 bytes)
1762350248.557166 sending message 112 to peer 0x55cdd6480240 (10 bytes)
1762350248.557169 sending message 112 to peer 0x55cdd6480240 (13 bytes)
1762350248.557172 sending message 112 to peer 0x55cdd6480240 (12 bytes)
1762350248.557175 sending message 112 to peer 0x55cdd6480240 (12 bytes)
1762350248.557178 sending message 112 to peer 0x55cdd6480240 (12 bytes)
1762350248.557182 sending message 112 to peer 0x55cdd6480240 (10 bytes)
1762350248.557185 sending message 112 to peer 0x55cdd6480240 (10 bytes)
1762350248.557188 sending message 112 to peer 0x55cdd6480240 (10 bytes)
1762350248.557191 sending message 112 to peer 0x55cdd6480240 (12 bytes)
1762350248.557194 sending message 112 to peer 0x55cdd6480240 (13 bytes)
1762350248.557197 sending message 112 to peer 0x55cdd6480240 (13 bytes)
1762350248.557200 sending message 112 to peer 0x55cdd6480240 (13 bytes)
1762350248.557203 sending message 112 to peer 0x55cdd6480240 (13 bytes)
1762350248.557207 sending message 112 to peer 0x55cdd6480240 (13 bytes)
1762350248.557210 sending message 112 to peer 0x55cdd6480240 (11 bytes)
1762350248.557213 sending message 112 to peer 0x55cdd6480240 (11 bytes)
1762350248.557216 sending message 112 to peer 0x55cdd6480240 (12 bytes)
1762350248.557219 sending message 112 to peer 0x55cdd6480240 (12 bytes)
1762350248.557222 sending message 112 to peer 0x55cdd6480240 (12 bytes)
1762350248.557225 sending message 112 to peer 0x55cdd6480240 (12 bytes)
1762350248.557228 sending message 112 to peer 0x55cdd6480240 (12 bytes)
1762350248.557232 sending message 112 to peer 0x55cdd6480240 (11 bytes)
1762350248.557235 sending message 112 to peer 0x55cdd6480240 (12 bytes)
1762350248.557238 sending message 112 to peer 0x55cdd6480240 (12 bytes)
1762350248.557241 sending message 112 to peer 0x55cdd6480240 (13 bytes)
1762350248.557244 sending message 112 to peer 0x55cdd6480240 (13 bytes)
1762350248.557247 sending message 112 to peer 0x55cdd6480240 (13 bytes)
1762350248.557250 sending message 112 to peer 0x55cdd6480240 (13 bytes)
1762350248.557253 sending message 112 to peer 0x55cdd6480240 (13 bytes)
1762350248.557257 sending message 112 to peer 0x55cdd6480240 (10 bytes)
1762350248.557260 sending message 112 to peer 0x55cdd6480240 (9 bytes)
1762350248.557263 sending message 112 to peer 0x55cdd6480240 (12 bytes)
1762350248.557266 sending message 112 to peer 0x55cdd6480240 (13 bytes)
1762350248.557269 sending message 112 to peer 0x55cdd6480240 (13 bytes)
1762350248.557272 sending message 112 to peer 0x55cdd6480240 (13 bytes)
1762350248.557275 sending message 112 to peer 0x55cdd6480240 (13 bytes)
1762350248.557278 sending message 112 to peer 0x55cdd6480240 (13 bytes)
1762350248.557286 sending message 112 to peer 0x55cdd6480240 (9 bytes)
1762350248.557289 sending message 112 to peer 0x55cdd6480240 (12 bytes)
1762350248.557292 sending message 112 to peer 0x55cdd6480240 (13 bytes)
1762350248.557296 sending message 112 to peer 0x55cdd6480240 (13 bytes)
1762350248.557299 sending message 112 to peer 0x55cdd6480240 (13 bytes)
1762350248.557302 sending message 112 to peer 0x55cdd6480240 (13 bytes)
1762350248.557305 sending message 112 to peer 0x55cdd6480240 (13 bytes)
1762350248.557308 sending message 112 to peer 0x55cdd6480240 (11 bytes)
1762350248.557311 sending message 112 to peer 0x55cdd6480240 (12 bytes)
1762350248.557314 sending message 112 to peer 0x55cdd6480240 (13 bytes)
1762350248.557318 sending message 112 to peer 0x55cdd6480240 (13 bytes)
1762350248.557321 sending message 112 to peer 0x55cdd6480240 (13 bytes)
1762350248.557324 sending message 112 to peer 0x55cdd6480240 (13 bytes)
1762350248.557327 sending message 112 to peer 0x55cdd6480240 (13 bytes)
1762350248.557330 sending message 112 to peer 0x55cdd6480240 (11 bytes)
1762350248.557333 sending message 112 to peer 0x55cdd6480240 (12 bytes)
1762350248.557336 sending message 112 to peer 0x55cdd6480240 (12 bytes)
1762350248.557340 sending message 112 to peer 0x55cdd6480240 (12 bytes)
1762350248.557343 sending message 112 to peer 0x55cdd6480240 (12 bytes)
1762350248.557346 sending message 112 to peer 0x55cdd6480240 (12 bytes)
1762350248.557349 sending message 112 to peer 0x55cdd6480240 (21 bytes)
1762350248.557352 sending message 112 to peer 0x55cdd6480240 (12 bytes)
1762350248.557355 sending message 112 to peer 0x55cdd6480240 (9 bytes)
1762350248.557359 sending message 112 to peer 0x55cdd6480240 (6 bytes)
1762350248.557362 sending message 112 to peer 0x55cdd6480240 (13 bytes)
1762350248.557365 sending message 112 to peer 0x55cdd6480240 (8 bytes)
1762350248.557368 sending message 112 to peer 0x55cdd6480240 (15 bytes)
1762350248.557372 sending message 112 to peer 0x55cdd6480240 (13 bytes)
1762350248.557375 sending message 112 to peer 0x55cdd6480240 (9 bytes)
1762350248.557378 sending message 112 to peer 0x55cdd6480240 (70 bytes)
1762350248.557381 sending message 112 to peer 0x55cdd6480240 (69 bytes)
1762350248.557385 sending message 112 to peer 0x55cdd6480240 (10 bytes)
1762350248.557388 sending message 112 to peer 0x55cdd6480240 (10 bytes)
1762350248.557391 sending message 112 to peer 0x55cdd6480240 (8 bytes)
1762350248.557394 sending message 112 to peer 0x55cdd6480240 (15 bytes)
1762350248.557397 sending message 112 to peer 0x55cdd6480240 (13 bytes)
1762350248.557400 sending message 112 to peer 0x55cdd6480240 (10 bytes)
1762350248.557404 sending message 112 to peer 0x55cdd6480240 (10 bytes)
1762350248.557407 sending message 112 to peer 0x55cdd6480240 (17 bytes)
1762350248.557411 sending message 112 to peer 0x55cdd6480240 (10 bytes)
1762350248.557414 sending message 112 to peer 0x55cdd6480240 (13 bytes)
1762350248.557417 sending message 112 to peer 0x55cdd6480240 (9 bytes)
1762350248.557420 sending message 112 to peer 0x55cdd6480240 (5 bytes)
1762350248.557424 sending message 112 to peer 0x55cdd6480240 (15 bytes)
1762350248.557428 sending message 104 to peer 0x55cdd6480240 (0 bytes)
1762350248.557431 sending message 110 to peer 0x55cdd6480240 (0 bytes)
1762350248.557435 sending message 107 to peer 0x55cdd6480240 (4 bytes)
1762350248.557438 sending message 105 to peer 0x55cdd6480240 (46 bytes)
1762350248.557441 sending message 105 to peer 0x55cdd6480240 (20 bytes)
1762350248.557444 sending message 105 to peer 0x55cdd6480240 (54 bytes)
1762350248.557448 sending message 105 to peer 0x55cdd6480240 (50 bytes)
1762350248.557451 sending message 105 to peer 0x55cdd6480240 (11 bytes)
1762350248.557454 sending message 105 to peer 0x55cdd6480240 (12 bytes)
1762350248.557457 sending message 105 to peer 0x55cdd6480240 (46 bytes)
1762350248.557460 sending message 105 to peer 0x55cdd6480240 (47 bytes)
1762350248.557464 sending message 105 to peer 0x55cdd6480240 (222 bytes)
1762350248.557467 sending message 105 to peer 0x55cdd6480240 (25 bytes)
1762350248.557476 sending message 105 to peer 0x55cdd6480240 (41 bytes)
1762350248.557479 sending message 105 to peer 0x55cdd6480240 (41 bytes)
1762350248.557483 sending message 105 to peer 0x55cdd6480240 (64 bytes)
1762350248.557486 sending message 105 to peer 0x55cdd6480240 (15 bytes)
1762350248.557490 sending message 105 to peer 0x55cdd6480240 (19 bytes)
1762350248.557493 sending message 105 to peer 0x55cdd6480240 (22 bytes)
1762350248.557497 sending message 105 to peer 0x55cdd6480240 (91 bytes)
1762350248.557500 sending message 105 to peer 0x55cdd6480240 (13 bytes)
1762350248.557503 sending message 105 to peer 0x55cdd6480240 (17 bytes)
1762350248.557507 sending message 105 to peer 0x55cdd6480240 (12 bytes)
1762350248.557510 sending message 105 to peer 0x55cdd6480240 (25 bytes)
1762350248.557514 sending message 105 to peer 0x55cdd6480240 (15 bytes)
1762350248.557517 sending message 105 to peer 0x55cdd6480240 (19 bytes)
1762350248.557520 sending message 105 to peer 0x55cdd6480240 (40 bytes)
1762350248.557524 sending message 105 to peer 0x55cdd6480240 (148 bytes)
1762350248.557527 sending message 105 to peer 0x55cdd6480240 (51 bytes)
1762350248.557531 sending message 105 to peer 0x55cdd6480240 (15 bytes)
1762350248.557534 sending message 105 to peer 0x55cdd6480240 (21 bytes)
1762350248.557538 sending message 105 to peer 0x55cdd6480240 (30 bytes)
1762350248.557541 sending message 105 to peer 0x55cdd6480240 (275 bytes)
1762350248.557545 sending message 105 to peer 0x55cdd6480240 (27 bytes)
1762350248.557548 sending message 105 to peer 0x55cdd6480240 (19 bytes)
1762350248.557552 sending message 105 to peer 0x55cdd6480240 (8 bytes)
1762350248.557555 sending message 105 to peer 0x55cdd6480240 (43 bytes)
1762350248.557559 sending message 105 to peer 0x55cdd6480240 (38 bytes)
1762350248.557562 sending message 105 to peer 0x55cdd6480240 (19 bytes)
1762350248.557565 sending message 105 to peer 0x55cdd6480240 (21 bytes)
1762350248.557569 sending message 105 to peer 0x55cdd6480240 (19 bytes)
1762350248.557572 sending message 105 to peer 0x55cdd6480240 (17 bytes)
1762350248.557576 sending message 105 to peer 0x55cdd6480240 (29 bytes)
1762350248.557580 sending message 105 to peer 0x55cdd6480240 (18 bytes)
1762350248.557583 sending message 105 to peer 0x55cdd6480240 (26 bytes)
1762350248.557586 sending message 105 to peer 0x55cdd6480240 (36 bytes)
1762350248.557590 sending message 105 to peer 0x55cdd6480240 (13 bytes)
1762350248.557593 sending message 105 to peer 0x55cdd6480240 (57 bytes)
1762350248.557597 sending message 105 to peer 0x55cdd6480240 (9 bytes)
1762350248.557600 sending message 105 to peer 0x55cdd6480240 (124 bytes)
1762350248.557604 sending message 105 to peer 0x55cdd6480240 (47 bytes)
1762350248.557607 sending message 105 to peer 0x55cdd6480240 (12 bytes)
1762350248.557610 sending message 105 to peer 0x55cdd6480240 (26 bytes)
1762350248.557612 sending message 105 to peer 0x55cdd6480240 (16 bytes)
1762350248.557615 sending message 105 to peer 0x55cdd6480240 (20 bytes)
1762350248.557618 sending message 105 to peer 0x55cdd6480240 (32 bytes)
1762350248.557621 sending message 105 to peer 0x55cdd6480240 (25 bytes)
1762350248.557624 sending message 105 to peer 0x55cdd6480240 (34 bytes)
1762350248.557626 sending message 105 to peer 0x55cdd6480240 (29 bytes)
1762350248.557629 sending message 105 to peer 0x55cdd6480240 (42 bytes)
1762350248.557632 sending message 105 to peer 0x55cdd6480240 (37 bytes)
1762350248.557635 sending message 105 to peer 0x55cdd6480240 (26 bytes)
1762350248.557638 sending message 105 to peer 0x55cdd6480240 (31 bytes)
1762350248.557641 sending message 105 to peer 0x55cdd6480240 (15 bytes)
1762350248.557644 sending message 105 to peer 0x55cdd6480240 (23 bytes)
1762350248.557647 sending message 105 to peer 0x55cdd6480240 (29 bytes)
1762350248.557649 sending message 105 to peer 0x55cdd6480240 (18 bytes)
1762350248.557652 sending message 105 to peer 0x55cdd6480240 (25 bytes)
1762350248.557655 sending message 105 to peer 0x55cdd6480240 (38 bytes)
1762350248.557658 sending message 105 to peer 0x55cdd6480240 (11 bytes)
1762350248.557665 sending message 105 to peer 0x55cdd6480240 (37 bytes)
1762350248.557668 sending message 105 to peer 0x55cdd6480240 (17 bytes)
1762350248.557670 sending message 105 to peer 0x55cdd6480240 (30 bytes)
1762350248.557673 sending message 106 to peer 0x55cdd6480240 (0 bytes)
1762350248.557742 sending message 200 to peer 0x55cdd6480240 (4 bytes)
1762350248.557745 client loop enter
1762350248.559922 peer 0x55cdd6480240 message 303
1762350248.559929 open write file 2 -
1762350248.559935 sending message 305 to peer 0x55cdd6480240 (8 bytes)
1762350248.559942 write check file 2
1762350248.560018 peer 0x55cdd6480240 message 304
1762350248.560021 write 58 to file 2
1762350248.560025 peer 0x55cdd6480240 message 203
1762350248.560028 file 2 58 bytes left
1762350248.560041 write check file 2
1762350248.560043 client loop exit
